  main.cpp
  Generating code
    link!InvokeCompilerPass()+0x27410
    link!InvokeCompilerPass()+0x26bf0
    link!DllGetC2Telemetry()+0x1083a4
    link!CloseTypeServerPDB()+0x291f
    link!CloseTypeServerPDB()+0x172315
    link!CloseTypeServerPDB()+0x171d2d
  
    link!InvokeCompilerPass()+0x27410
    link!InvokeCompilerPass()+0x27410
    link!InvokeCompilerPass()+0x26bf0
    link!DllGetC2Telemetry()+0x1083a4
    link!CloseTypeServerPDB()+0x291f
    link!CloseTypeServerPDB()+0x172315
    link!CloseTypeServerPDB()+0x171d2d
  
LINK : fatal error C1001: An internal error has occurred in the compiler.
  (compiler file 'f:\dd\vctools\compiler\utc\src\p2\main.c', line 258)
   To work around this problem, try simplifying or changing the program near the locations listed above.
  Please choose the Technical Support command on the Visual C++ 
   Help menu, or open the Technical Support help file for more information
LINK : fatal error C1001: An internal error has occurred in the compiler.
  (compiler file 'f:\dd\vctools\compiler\utc\src\p2\main.c', line 258)
   To work around this problem, try simplifying or changing the program near the locations listed above.
  Please choose the Technical Support command on the Visual C++ 
   Help menu, or open the Technical Support help file for more information
  
LINK : fatal error LNK1000: Internal error during IMAGE::BuildImage
  
    Version 14.12.25835.0
  
    ExceptionCode            = C0000005
    ExceptionFlags           = 00000000
    ExceptionAddress         = 00007FFFF0916ED4 (00007FFFF04E0000) "C:\Program Files (x86)\Microsoft Visual Studio\2017\Community\VC\Tools\MSVC\14.12.25827\bin\HostX64\x64\c2.dll"
    NumberParameters         = 00000002
    ExceptionInformation[ 0] = 0000000000000000
    ExceptionInformation[ 1] = 0000030D45BA00C4
  
  CONTEXT:
    Rax    = 0000023D4B74BDD0  R8     = 0000000000000003
    Rbx    = 0000030D45BA00C4  R9     = 0000023D4B6F1600
    Rcx    = 00000000000000CE  R10    = 0000023D4B74BDE8
    Rdx    = 0000023D4B74BDD0  R11    = 000000AAEB78E410
    Rsp    = 000000AAEB78E410  R12    = 0000023D493F2501
    Rbp    = 000000AAEB78E450  E13    = 0000000000000003
    Rsi    = 0000023D4B74BD10  R14    = 0000023D4B6F1058
    Rdi    = 0000030D45BA0010  R15    = 0000023D49AD1380
    Rip    = 00007FFFF0916ED4  EFlags = 0000000000010246
    SegCs  = 0000000000000033  SegDs  = 000000000000002B
    SegSs  = 000000000000002B  SegEs  = 000000000000002B
    SegFs  = 0000000000000053  SegGs  = 000000000000002B
    Dr0    = 0000000000000000  Dr3    = 0000000000000000
    Dr1    = 0000000000000000  Dr6    = 0000000000000000
    Dr2    = 0000000000000000  Dr7    = 0000000000000000
